Arguments: 
  C:\Program Files\nodejs\node.exe C:\Users\jun\AppData\Roaming\npm\node_modules\yarn\bin\yarn.js add -D @rollup/plugin-json

PATH: 
  C:\Program Files\PlasticSCM5\server;C:\Program Files\PlasticSCM5\client;C:\Program Files (x86)\Common Files\Intel\Shared Libraries\redist\intel64\compiler;C:\Windows\system32;C:\Windows;C:\Windows\System32\Wbem;C:\Windows\System32\WindowsPowerShell\v1.0\;C:\Windows\System32\OpenSSH\;C:\Program Files (x86)\NVIDIA Corporation\PhysX\Common;C:\Program Files\Common Files\Autodesk Shared\;C:\Program Files\Microsoft SQL Server\120\Tools\Binn\;C:\WINDOWS\system32;C:\WINDOWS;C:\WINDOWS\System32\Wbem;C:\WINDOWS\System32\WindowsPowerShell\v1.0\;C:\WINDOWS\System32\OpenSSH\;C:\Program Files\NVIDIA Corporation\NVIDIA NvDLISR;C:\Program Files\Git\cmd;C:\Program Files\nodejs\;C:\Program Files\Docker\Docker\resources\bin;C:\Users\jun\AppData\Local\Programs\Python\Python310\Scripts\;C:\Users\jun\AppData\Local\Programs\Python\Python310\;C:\Users\jun\AppData\Local\Microsoft\WindowsApps;C:\Users\jun\AppData\Local\Programs\Microsoft VS Code\bin;C:\Users\jun\AppData\Roaming\npm

Yarn version: 
  1.22.19

Node version: 
  20.5.0

Platform: 
  win32 x64

Trace: 
  Error: EPERM: operation not permitted, unlink 'c:\firemio\octfest-svelte\node_modules\@esbuild\win32-x64\esbuild.exe'

npm manifest: 
  {
  	"name": "my-app222",
  	"version": "0.0.1",
  	"private": true,
  	"scripts": {
  		"dev": "vite dev",
  		"build": "vite build",
  		"preview": "vite preview",
  		"check": "svelte-kit sync && svelte-check --tsconfig ./jsconfig.json",
  		"check:watch": "svelte-kit sync && svelte-check --tsconfig ./jsconfig.json --watch"
  	},
  	"devDependencies": {
  		"@melt-ui/pp": "^0.1.2",
  		"@melt-ui/svelte": "^0.50.0",
  		"@sveltejs/adapter-auto": "^2.0.0",
  		"@sveltejs/kit": "^1.20.4",
  		"autoprefixer": "^10.4.16",
  		"postcss": "^8.4.31",
  		"svelte": "^4.0.5",
  		"svelte-check": "^3.4.3",
  		"svelte-sequential-preprocessor": "^2.0.1",
  		"tailwindcss": "^3.3.3",
  		"typescript": "^5.0.0",
  		"vite": "^4.4.2"
  	},
  	"type": "module"
  }

yarn manifest: 
  No manifest

Lockfile: 
  No lockfile
